1675482966797	geckodriver	INFO	Listening on 127.0.0.1:63840
1675482967006	mozrunner::runner	INFO	Running command: "/Applications/Firefox.app/Contents/MacOS/firefox-bin" "--marionette" "--remote-debugging-port" "63841" "--r ... s" "localhost" "-foreground" "-no-remote" "-profile" "/var/folders/_t/pm6vmrc154s7_xc8r6m1vdtc0000gn/T/rust_mozprofileLBlpsp"
1675482967604	Marionette	INFO	Marionette enabled
1675482967657	Marionette	INFO	Listening on port 63882
WebDriver BiDi listening on ws://localhost:63841
Read port: 63882
1675482968182	RemoteAgent	WARN	TLS certificate errors will be ignored for this session
console.warn: SearchSettings: "get: No settings file exists, new profile?" (new NotFoundError("Could not open the file at /var/folders/_t/pm6vmrc154s7_xc8r6m1vdtc0000gn/T/rust_mozprofileLBlpsp/search.json.mozlz4", (void 0)))
DevTools listening on ws://localhost:63841/devtools/browser/88038878-4e5f-4672-94cd-c0d876f910b8
JavaScript warning: https://pagead2.googlesyndication.com/bg/enP75FOAOR6Dv0_xbsOpJb6_RhPRjbOZFZcWOHt7fp4.js line 2 > eval line 533 > eval line 1 > eval line 1 > eval, line 1: WEBGL_debug_renderer_info is deprecated in Firefox and will be removed. Please use RENDERER.
JavaScript warning: https://client.px-cloud.net/PX2sZ8xyop/main.min.js, line 2: WEBGL_debug_renderer_info is deprecated in Firefox and will be removed. Please use RENDERER.
JavaScript warning: https://pagead2.googlesyndication.com/bg/enP75FOAOR6Dv0_xbsOpJb6_RhPRjbOZFZcWOHt7fp4.js line 2 > eval line 4217 > eval line 1 > eval line 1 > eval, line 1: WEBGL_debug_renderer_info is deprecated in Firefox and will be removed. Please use RENDERER.
JavaScript error: , line 0: TypeError: NetworkError when attempting to fetch resource.
JavaScript warning: https://pagead2.googlesyndication.com/bg/enP75FOAOR6Dv0_xbsOpJb6_RhPRjbOZFZcWOHt7fp4.js line 2 > eval line 6900 > eval line 1 > eval line 1 > eval, line 1: WEBGL_debug_renderer_info is deprecated in Firefox and will be removed. Please use RENDERER.
JavaScript error: , line 0: TypeError: NetworkError when attempting to fetch resource.
JavaScript warning: https://pagead2.googlesyndication.com/bg/4bT6diwPPsQGeut8gwoHo0InSaE1h0LXepToI3_IbtM.js line 2 > eval line 7759 > eval line 1 > eval line 1 > eval, line 1: WEBGL_debug_renderer_info is deprecated in Firefox and will be removed. Please use RENDERER.
JavaScript error: , line 0: TypeError: NetworkError when attempting to fetch resource.
JavaScript warning: https://pagead2.googlesyndication.com/bg/enP75FOAOR6Dv0_xbsOpJb6_RhPRjbOZFZcWOHt7fp4.js line 2 > eval line 5691 > eval line 1 > eval line 1 > eval, line 1: WEBGL_debug_renderer_info is deprecated in Firefox and will be removed. Please use RENDERER.
1675483074355	geckodriver	INFO	Listening on 127.0.0.1:64720
1675483074724	mozrunner::runner	INFO	Running command: "/Applications/Firefox.app/Contents/MacOS/firefox-bin" "--marionette" "--remote-debugging-port" "64721" "--r ... s" "localhost" "-foreground" "-no-remote" "-profile" "/var/folders/_t/pm6vmrc154s7_xc8r6m1vdtc0000gn/T/rust_mozprofileIYqcya"
1675483075183	Marionette	INFO	Marionette enabled
1675483075216	Marionette	INFO	Listening on port 64730
WebDriver BiDi listening on ws://localhost:64721
Read port: 64730
1675483075657	RemoteAgent	WARN	TLS certificate errors will be ignored for this session
console.warn: SearchSettings: "get: No settings file exists, new profile?" (new NotFoundError("Could not open the file at /var/folders/_t/pm6vmrc154s7_xc8r6m1vdtc0000gn/T/rust_mozprofileIYqcya/search.json.mozlz4", (void 0)))
DevTools listening on ws://localhost:64721/devtools/browser/d6964ef9-11f4-4053-a684-58a37d6962e9
JavaScript error: , line 0: TypeError: NetworkError when attempting to fetch resource.
JavaScript error: , line 0: TypeError: NetworkError when attempting to fetch resource.
JavaScript error: , line 0: TypeError: NetworkError when attempting to fetch resource.
JavaScript error: , line 0: TypeError: NetworkError when attempting to fetch resource.
JavaScript warning: https://pagead2.googlesyndication.com/bg/enP75FOAOR6Dv0_xbsOpJb6_RhPRjbOZFZcWOHt7fp4.js line 2 > eval line 7213 > eval line 1 > eval line 1 > eval, line 1: WEBGL_debug_renderer_info is deprecated in Firefox and will be removed. Please use RENDERER.
JavaScript warning: https://client.px-cloud.net/PX2sZ8xyop/main.min.js, line 2: WEBGL_debug_renderer_info is deprecated in Firefox and will be removed. Please use RENDERER.
JavaScript warning: https://pagead2.googlesyndication.com/bg/enP75FOAOR6Dv0_xbsOpJb6_RhPRjbOZFZcWOHt7fp4.js line 2 > eval line 5913 > eval line 1 > eval line 1 > eval, line 1: WEBGL_debug_renderer_info is deprecated in Firefox and will be removed. Please use RENDERER.
JavaScript warning: https://pagead2.googlesyndication.com/bg/enP75FOAOR6Dv0_xbsOpJb6_RhPRjbOZFZcWOHt7fp4.js line 2 > eval line 7030 > eval line 1 > eval line 1 > eval, line 1: WEBGL_debug_renderer_info is deprecated in Firefox and will be removed. Please use RENDERER.
JavaScript error: , line 0: TypeError: NetworkError when attempting to fetch resource.
JavaScript error: , line 0: TypeError: NetworkError when attempting to fetch resource.
JavaScript error: , line 0: TypeError: NetworkError when attempting to fetch resource.
1675483119841	geckodriver	INFO	Listening on 127.0.0.1:65164
1675483120342	mozrunner::runner	INFO	Running command: "/Applications/Firefox.app/Contents/MacOS/firefox-bin" "--marionette" "--remote-debugging-port" "65165" "--r ... s" "localhost" "-foreground" "-no-remote" "-profile" "/var/folders/_t/pm6vmrc154s7_xc8r6m1vdtc0000gn/T/rust_mozprofileY7MDTu"
1675483120805	Marionette	INFO	Marionette enabled
1675483120842	Marionette	INFO	Listening on port 65182
WebDriver BiDi listening on ws://localhost:65165
Read port: 65182
1675483121286	RemoteAgent	WARN	TLS certificate errors will be ignored for this session
console.warn: SearchSettings: "get: No settings file exists, new profile?" (new NotFoundError("Could not open the file at /var/folders/_t/pm6vmrc154s7_xc8r6m1vdtc0000gn/T/rust_mozprofileY7MDTu/search.json.mozlz4", (void 0)))
DevTools listening on ws://localhost:65165/devtools/browser/dd71cc90-274e-4a4e-9bec-0b38a119fb7d
JavaScript warning: https://pagead2.googlesyndication.com/bg/enP75FOAOR6Dv0_xbsOpJb6_RhPRjbOZFZcWOHt7fp4.js line 2 > eval line 1644 > eval line 1 > eval line 1 > eval, line 1: WEBGL_debug_renderer_info is deprecated in Firefox and will be removed. Please use RENDERER.
JavaScript warning: https://client.px-cloud.net/PX2sZ8xyop/main.min.js, line 2: WEBGL_debug_renderer_info is deprecated in Firefox and will be removed. Please use RENDERER.
1675483151771	geckodriver	INFO	Listening on 127.0.0.1:65446
1675483152151	mozrunner::runner	INFO	Running command: "/Applications/Firefox.app/Contents/MacOS/firefox-bin" "--marionette" "--remote-debugging-port" "65447" "--r ... s" "localhost" "-foreground" "-no-remote" "-profile" "/var/folders/_t/pm6vmrc154s7_xc8r6m1vdtc0000gn/T/rust_mozprofileJeywsj"
JavaScript error: , line 0: TypeError: NetworkError when attempting to fetch resource.
JavaScript error: , line 0: TypeError: NetworkError when attempting to fetch resource.
JavaScript error: , line 0: TypeError: NetworkError when attempting to fetch resource.
1675483152796	Marionette	INFO	Marionette enabled
1675483152849	Marionette	INFO	Listening on port 65457
Read port: 65457
WebDriver BiDi listening on ws://localhost:65447
1675483153207	RemoteAgent	WARN	TLS certificate errors will be ignored for this session
console.warn: SearchSettings: "get: No settings file exists, new profile?" (new NotFoundError("Could not open the file at /var/folders/_t/pm6vmrc154s7_xc8r6m1vdtc0000gn/T/rust_mozprofileJeywsj/search.json.mozlz4", (void 0)))
DevTools listening on ws://localhost:65447/devtools/browser/d176b7ed-4245-4bf0-ba0b-32f08a33c165
JavaScript warning: https://pagead2.googlesyndication.com/bg/enP75FOAOR6Dv0_xbsOpJb6_RhPRjbOZFZcWOHt7fp4.js line 2 > eval line 3683 > eval line 1 > eval line 1 > eval, line 1: WEBGL_debug_renderer_info is deprecated in Firefox and will be removed. Please use RENDERER.
JavaScript warning: https://pagead2.googlesyndication.com/bg/enP75FOAOR6Dv0_xbsOpJb6_RhPRjbOZFZcWOHt7fp4.js line 2 > eval line 3621 > eval line 1 > eval line 1 > eval, line 1: WEBGL_debug_renderer_info is deprecated in Firefox and will be removed. Please use RENDERER.
JavaScript error: , line 0: uncaught exception: 7
1675483174284	geckodriver	INFO	Listening on 127.0.0.1:49338
1675483174797	mozrunner::runner	INFO	Running command: "/Applications/Firefox.app/Contents/MacOS/firefox-bin" "--marionette" "--remote-debugging-port" "49339" "--r ... s" "localhost" "-foreground" "-no-remote" "-profile" "/var/folders/_t/pm6vmrc154s7_xc8r6m1vdtc0000gn/T/rust_mozprofileSe8j3S"
JavaScript error: , line 0: TypeError: NetworkError when attempting to fetch resource.
JavaScript error: , line 0: TypeError: NetworkError when attempting to fetch resource.
JavaScript error: , line 0: TypeError: NetworkError when attempting to fetch resource.
JavaScript error: , line 0: TypeError: NetworkError when attempting to fetch resource.
1675483175296	Marionette	INFO	Marionette enabled
1675483175331	Marionette	INFO	Listening on port 49349
WebDriver BiDi listening on ws://localhost:49339
Read port: 49349
1675483175767	RemoteAgent	WARN	TLS certificate errors will be ignored for this session
console.warn: SearchSettings: "get: No settings file exists, new profile?" (new NotFoundError("Could not open the file at /var/folders/_t/pm6vmrc154s7_xc8r6m1vdtc0000gn/T/rust_mozprofileSe8j3S/search.json.mozlz4", (void 0)))
DevTools listening on ws://localhost:49339/devtools/browser/fbb7ea15-78cd-439f-861b-8796b05d5523
JavaScript error: , line 0: uncaught exception: 7
JavaScript warning: https://pagead2.googlesyndication.com/bg/enP75FOAOR6Dv0_xbsOpJb6_RhPRjbOZFZcWOHt7fp4.js line 2 > eval line 2545 > eval line 1 > eval line 1 > eval, line 1: WEBGL_debug_renderer_info is deprecated in Firefox and will be removed. Please use RENDERER.
JavaScript error: , line 0: TypeError: NetworkError when attempting to fetch resource.
JavaScript warning: https://pagead2.googlesyndication.com/bg/enP75FOAOR6Dv0_xbsOpJb6_RhPRjbOZFZcWOHt7fp4.js line 2 > eval line 371 > eval line 1 > eval line 1 > eval, line 1: WEBGL_debug_renderer_info is deprecated in Firefox and will be removed. Please use RENDERER.
JavaScript warning: https://pagead2.googlesyndication.com/bg/enP75FOAOR6Dv0_xbsOpJb6_RhPRjbOZFZcWOHt7fp4.js line 2 > eval line 275 > eval line 1 > eval line 1 > eval, line 1: WEBGL_debug_renderer_info is deprecated in Firefox and will be removed. Please use RENDERER.
JavaScript warning: https://client.px-cloud.net/PX2sZ8xyop/main.min.js, line 2: WEBGL_debug_renderer_info is deprecated in Firefox and will be removed. Please use RENDERER.
JavaScript warning: https://pagead2.googlesyndication.com/bg/enP75FOAOR6Dv0_xbsOpJb6_RhPRjbOZFZcWOHt7fp4.js line 2 > eval line 3655 > eval line 1 > eval line 1 > eval, line 1: WEBGL_debug_renderer_info is deprecated in Firefox and will be removed. Please use RENDERER.
JavaScript error: , line 0: TypeError: NetworkError when attempting to fetch resource.
JavaScript warning: https://pagead2.googlesyndication.com/bg/enP75FOAOR6Dv0_xbsOpJb6_RhPRjbOZFZcWOHt7fp4.js line 2 > eval line 5519 > eval line 1 > eval line 1 > eval, line 1: WEBGL_debug_renderer_info is deprecated in Firefox and will be removed. Please use RENDERER.
JavaScript error: , line 0: TypeError: NetworkError when attempting to fetch resource.
JavaScript warning: https://pagead2.googlesyndication.com/bg/enP75FOAOR6Dv0_xbsOpJb6_RhPRjbOZFZcWOHt7fp4.js line 2 > eval line 5503 > eval line 1 > eval line 1 > eval, line 1: WEBGL_debug_renderer_info is deprecated in Firefox and will be removed. Please use RENDERER.
1675483273360	geckodriver	INFO	Listening on 127.0.0.1:50116
1675483273729	mozrunner::runner	INFO	Running command: "/Applications/Firefox.app/Contents/MacOS/firefox-bin" "--marionette" "--remote-debugging-port" "50117" "--r ... s" "localhost" "-foreground" "-no-remote" "-profile" "/var/folders/_t/pm6vmrc154s7_xc8r6m1vdtc0000gn/T/rust_mozprofile4MKq0F"
1675483274220	Marionette	INFO	Marionette enabled
1675483274263	Marionette	INFO	Listening on port 50130
WebDriver BiDi listening on ws://localhost:50117
Read port: 50130
1675483274719	RemoteAgent	WARN	TLS certificate errors will be ignored for this session
JavaScript error: , line 0: TypeError: NetworkError when attempting to fetch resource.
JavaScript error: , line 0: TypeError: NetworkError when attempting to fetch resource.
JavaScript error: , line 0: TypeError: NetworkError when attempting to fetch resource.
JavaScript error: , line 0: TypeError: NetworkError when attempting to fetch resource.
console.warn: SearchSettings: "get: No settings file exists, new profile?" (new NotFoundError("Could not open the file at /var/folders/_t/pm6vmrc154s7_xc8r6m1vdtc0000gn/T/rust_mozprofile4MKq0F/search.json.mozlz4", (void 0)))
DevTools listening on ws://localhost:50117/devtools/browser/1204bc9c-f0d6-4d5a-8b3f-2275cc3e1457
JavaScript warning: https://pagead2.googlesyndication.com/bg/enP75FOAOR6Dv0_xbsOpJb6_RhPRjbOZFZcWOHt7fp4.js line 2 > eval line 7188 > eval line 1 > eval line 1 > eval, line 1: WEBGL_debug_renderer_info is deprecated in Firefox and will be removed. Please use RENDERER.
JavaScript warning: https://pagead2.googlesyndication.com/bg/enP75FOAOR6Dv0_xbsOpJb6_RhPRjbOZFZcWOHt7fp4.js line 2 > eval line 4622 > eval line 1 > eval line 1 > eval, line 1: WEBGL_debug_renderer_info is deprecated in Firefox and will be removed. Please use RENDERER.
JavaScript warning: https://client.px-cloud.net/PX2sZ8xyop/main.min.js, line 2: WEBGL_debug_renderer_info is deprecated in Firefox and will be removed. Please use RENDERER.
JavaScript warning: https://pagead2.googlesyndication.com/bg/enP75FOAOR6Dv0_xbsOpJb6_RhPRjbOZFZcWOHt7fp4.js line 2 > eval line 6197 > eval line 1 > eval line 1 > eval, line 1: WEBGL_debug_renderer_info is deprecated in Firefox and will be removed. Please use RENDERER.
JavaScript error: , line 0: TypeError: NetworkError when attempting to fetch resource.
JavaScript warning: https://pagead2.googlesyndication.com/bg/enP75FOAOR6Dv0_xbsOpJb6_RhPRjbOZFZcWOHt7fp4.js line 2 > eval line 7210 > eval line 1 > eval line 1 > eval, line 1: WEBGL_debug_renderer_info is deprecated in Firefox and will be removed. Please use RENDERER.
1675483324350	geckodriver	INFO	Listening on 127.0.0.1:50696
1675483324858	mozrunner::runner	INFO	Running command: "/Applications/Firefox.app/Contents/MacOS/firefox-bin" "--marionette" "--remote-debugging-port" "50697" "--r ... s" "localhost" "-foreground" "-no-remote" "-profile" "/var/folders/_t/pm6vmrc154s7_xc8r6m1vdtc0000gn/T/rust_mozprofileS8ASHf"
1675483325395	Marionette	INFO	Marionette enabled
1675483325429	Marionette	INFO	Listening on port 50706
WebDriver BiDi listening on ws://localhost:50697
Read port: 50706
1675483325872	RemoteAgent	WARN	TLS certificate errors will be ignored for this session
console.warn: SearchSettings: "get: No settings file exists, new profile?" (new NotFoundError("Could not open the file at /var/folders/_t/pm6vmrc154s7_xc8r6m1vdtc0000gn/T/rust_mozprofileS8ASHf/search.json.mozlz4", (void 0)))
DevTools listening on ws://localhost:50697/devtools/browser/cba98894-de26-4366-af8b-abcc57dfdc34
JavaScript error: , line 0: TypeError: NetworkError when attempting to fetch resource.
JavaScript error: , line 0: TypeError: NetworkError when attempting to fetch resource.
JavaScript error: , line 0: TypeError: NetworkError when attempting to fetch resource.
JavaScript error: , line 0: TypeError: NetworkError when attempting to fetch resource.
JavaScript warning: https://pagead2.googlesyndication.com/bg/enP75FOAOR6Dv0_xbsOpJb6_RhPRjbOZFZcWOHt7fp4.js line 2 > eval line 1955 > eval line 1 > eval line 1 > eval, line 1: WEBGL_debug_renderer_info is deprecated in Firefox and will be removed. Please use RENDERER.
JavaScript error: , line 0: uncaught exception: 7
JavaScript error: , line 0: uncaught exception: 7
JavaScript warning: https://pagead2.googlesyndication.com/bg/enP75FOAOR6Dv0_xbsOpJb6_RhPRjbOZFZcWOHt7fp4.js line 2 > eval line 7218 > eval line 1 > eval line 1 > eval, line 1: WEBGL_debug_renderer_info is deprecated in Firefox and will be removed. Please use RENDERER.
JavaScript warning: https://z.moatads.com/wpromotepeacockdcmdisplay515722200356/moatad.js#moatClientLevel1=29296653&moatClientLevel2=6031710&moatClientLevel3=358541473&moatClientLevel4=186364251&zMoatG=ct=US&st=UT&city=16135&dma=186&zp=84094&bw=4&zMoatADV=9902108&zMoatENV=j, line 239: WEBGL_debug_renderer_info is deprecated in Firefox and will be removed. Please use RENDERER.
JavaScript warning: https://pagead2.googlesyndication.com/bg/enP75FOAOR6Dv0_xbsOpJb6_RhPRjbOZFZcWOHt7fp4.js line 2 > eval line 5571 > eval line 1 > eval line 1 > eval, line 1: WEBGL_debug_renderer_info is deprecated in Firefox and will be removed. Please use RENDERER.
JavaScript warning: https://pagead2.googlesyndication.com/bg/enP75FOAOR6Dv0_xbsOpJb6_RhPRjbOZFZcWOHt7fp4.js line 2 > eval line 6726 > eval line 1 > eval line 1 > eval, line 1: WEBGL_debug_renderer_info is deprecated in Firefox and will be removed. Please use RENDERER.
JavaScript warning: https://client.px-cloud.net/PX2sZ8xyop/main.min.js, line 2: WEBGL_debug_renderer_info is deprecated in Firefox and will be removed. Please use RENDERER.
JavaScript warning: https://pagead2.googlesyndication.com/bg/enP75FOAOR6Dv0_xbsOpJb6_RhPRjbOZFZcWOHt7fp4.js line 2 > eval line 935 > eval line 1 > eval line 1 > eval, line 1: WEBGL_debug_renderer_info is deprecated in Firefox and will be removed. Please use RENDERER.
JavaScript warning: https://pagead2.googlesyndication.com/bg/enP75FOAOR6Dv0_xbsOpJb6_RhPRjbOZFZcWOHt7fp4.js line 2 > eval line 1300 > eval line 1 > eval line 1 > eval, line 1: WEBGL_debug_renderer_info is deprecated in Firefox and will be removed. Please use RENDERER.
JavaScript error: , line 0: TypeError: NetworkError when attempting to fetch resource.
JavaScript error: , line 0: TypeError: NetworkError when attempting to fetch resource.
JavaScript error: , line 0: TypeError: NetworkError when attempting to fetch resource.
JavaScript error: , line 0: TypeError: NetworkError when attempting to fetch resource.
Exiting due to channel error.
Exiting due to channel error.
Exiting due to channel error.
Exiting due to channel error.
1675483469416	geckodriver	INFO	Listening on 127.0.0.1:51653
1675483469802	mozrunner::runner	INFO	Running command: "/Applications/Firefox.app/Contents/MacOS/firefox-bin" "--marionette" "--remote-debugging-port" "51654" "--r ... s" "localhost" "-foreground" "-no-remote" "-profile" "/var/folders/_t/pm6vmrc154s7_xc8r6m1vdtc0000gn/T/rust_mozprofile1BGBgf"
1675483470405	Marionette	INFO	Marionette enabled
1675483470457	Marionette	INFO	Listening on port 51663
WebDriver BiDi listening on ws://localhost:51654
Read port: 51663
1675483470821	RemoteAgent	WARN	TLS certificate errors will be ignored for this session
console.warn: SearchSettings: "get: No settings file exists, new profile?" (new NotFoundError("Could not open the file at /var/folders/_t/pm6vmrc154s7_xc8r6m1vdtc0000gn/T/rust_mozprofile1BGBgf/search.json.mozlz4", (void 0)))
DevTools listening on ws://localhost:51654/devtools/browser/ccb289d6-924c-4ef8-beb4-c38656a118ae
JavaScript error: , line 0: uncaught exception: 7
JavaScript warning: https://pagead2.googlesyndication.com/bg/enP75FOAOR6Dv0_xbsOpJb6_RhPRjbOZFZcWOHt7fp4.js line 2 > eval line 6394 > eval line 1 > eval line 1 > eval, line 1: WEBGL_debug_renderer_info is deprecated in Firefox and will be removed. Please use RENDERER.
JavaScript warning: https://pagead2.googlesyndication.com/bg/enP75FOAOR6Dv0_xbsOpJb6_RhPRjbOZFZcWOHt7fp4.js line 2 > eval line 7527 > eval line 1 > eval line 1 > eval, line 1: WEBGL_debug_renderer_info is deprecated in Firefox and will be removed. Please use RENDERER.
JavaScript error: , line 0: uncaught exception: 7
JavaScript warning: https://pagead2.googlesyndication.com/bg/enP75FOAOR6Dv0_xbsOpJb6_RhPRjbOZFZcWOHt7fp4.js line 2 > eval line 6429 > eval line 1 > eval line 1 > eval, line 1: WEBGL_debug_renderer_info is deprecated in Firefox and will be removed. Please use RENDERER.
JavaScript warning: https://pagead2.googlesyndication.com/bg/enP75FOAOR6Dv0_xbsOpJb6_RhPRjbOZFZcWOHt7fp4.js line 2 > eval line 3553 > eval line 1 > eval line 1 > eval, line 1: WEBGL_debug_renderer_info is deprecated in Firefox and will be removed. Please use RENDERER.
JavaScript warning: https://client.px-cloud.net/PX2sZ8xyop/main.min.js, line 2: WEBGL_debug_renderer_info is deprecated in Firefox and will be removed. Please use RENDERER.
JavaScript warning: https://pagead2.googlesyndication.com/bg/enP75FOAOR6Dv0_xbsOpJb6_RhPRjbOZFZcWOHt7fp4.js line 2 > eval line 6178 > eval line 1 > eval line 1 > eval, line 1: WEBGL_debug_renderer_info is deprecated in Firefox and will be removed. Please use RENDERER.
JavaScript warning: https://pagead2.googlesyndication.com/bg/enP75FOAOR6Dv0_xbsOpJb6_RhPRjbOZFZcWOHt7fp4.js line 2 > eval line 3506 > eval line 1 > eval line 1 > eval, line 1: WEBGL_debug_renderer_info is deprecated in Firefox and will be removed. Please use RENDERER.
JavaScript error: , line 0: TypeError: NetworkError when attempting to fetch resource.
JavaScript warning: https://pagead2.googlesyndication.com/bg/enP75FOAOR6Dv0_xbsOpJb6_RhPRjbOZFZcWOHt7fp4.js line 2 > eval line 2049 > eval line 1 > eval line 1 > eval, line 1: WEBGL_debug_renderer_info is deprecated in Firefox and will be removed. Please use RENDERER.
JavaScript error: , line 0: TypeError: NetworkError when attempting to fetch resource.
JavaScript warning: https://pagead2.googlesyndication.com/bg/enP75FOAOR6Dv0_xbsOpJb6_RhPRjbOZFZcWOHt7fp4.js line 2 > eval line 4104 > eval line 1 > eval line 1 > eval, line 1: WEBGL_debug_renderer_info is deprecated in Firefox and will be removed. Please use RENDERER.
JavaScript error: , line 0: TypeError: NetworkError when attempting to fetch resource.
JavaScript warning: https://pagead2.googlesyndication.com/bg/enP75FOAOR6Dv0_xbsOpJb6_RhPRjbOZFZcWOHt7fp4.js line 2 > eval line 7276 > eval line 1 > eval line 1 > eval, line 1: WEBGL_debug_renderer_info is deprecated in Firefox and will be removed. Please use RENDERER.
Exiting due to channel error.
Exiting due to channel error.
Exiting due to channel error.
Exiting due to channel error.
Exiting due to channel error.
Exiting due to channel error.
Exiting due to channel error.
Exiting due to channel error.
Exiting due to channel error.
Exiting due to channel error.
Exiting due to channel error.
Exiting due to channel error.
[GFX1-]: Receive IPC close with reason=AbnormalShutdown
[GFX1-]: Receive IPC close with reason=AbnormalShutdown
[GFX1-]: Receive IPC close with reason=AbnormalShutdown
Exiting due to channel error.
Exiting due to channel error.
Exiting due to channel error.
Exiting due to channel error.
Exiting due to channel error.
Exiting due to channel error.
[GFX1-]: Receive IPC close with reason=AbnormalShutdown
Exiting due to channel error.
Exiting due to channel error.
Exiting due to channel error.
Exiting due to channel error.
Exiting due to channel error.
Exiting due to channel error.
Exiting due to channel error.
1675483649689	geckodriver	INFO	Listening on 127.0.0.1:52843
1675483650079	mozrunner::runner	INFO	Running command: "/Applications/Firefox.app/Contents/MacOS/firefox-bin" "--marionette" "--remote-debugging-port" "52844" "--r ... s" "localhost" "-foreground" "-no-remote" "-profile" "/var/folders/_t/pm6vmrc154s7_xc8r6m1vdtc0000gn/T/rust_mozprofilehkLDor"
1675483650694	Marionette	INFO	Marionette enabled
1675483650749	Marionette	INFO	Listening on port 52857
WebDriver BiDi listening on ws://localhost:52844
Read port: 52857
1675483651102	RemoteAgent	WARN	TLS certificate errors will be ignored for this session
console.warn: SearchSettings: "get: No settings file exists, new profile?" (new NotFoundError("Could not open the file at /var/folders/_t/pm6vmrc154s7_xc8r6m1vdtc0000gn/T/rust_mozprofilehkLDor/search.json.mozlz4", (void 0)))
DevTools listening on ws://localhost:52844/devtools/browser/65099d90-91df-46d7-b012-df7344491187
1675483788188	geckodriver	INFO	Listening on 127.0.0.1:53475
1675483788698	mozrunner::runner	INFO	Running command: "/Applications/Firefox.app/Contents/MacOS/firefox-bin" "--marionette" "--remote-debugging-port" "53476" "--r ... s" "localhost" "-foreground" "-no-remote" "-profile" "/var/folders/_t/pm6vmrc154s7_xc8r6m1vdtc0000gn/T/rust_mozprofileeysJd4"
1675483789291	Marionette	INFO	Marionette enabled
1675483789339	Marionette	INFO	Listening on port 53485
WebDriver BiDi listening on ws://localhost:53476
Read port: 53485
1675483789701	RemoteAgent	WARN	TLS certificate errors will be ignored for this session
console.warn: SearchSettings: "get: No settings file exists, new profile?" (new NotFoundError("Could not open the file at /var/folders/_t/pm6vmrc154s7_xc8r6m1vdtc0000gn/T/rust_mozprofileeysJd4/search.json.mozlz4", (void 0)))
DevTools listening on ws://localhost:53476/devtools/browser/ee989a74-510e-40b4-b9c6-57d11ba201da
JavaScript warning: https://pagead2.googlesyndication.com/bg/enP75FOAOR6Dv0_xbsOpJb6_RhPRjbOZFZcWOHt7fp4.js line 2 > eval line 4363 > eval line 1 > eval line 1 > eval, line 1: WEBGL_debug_renderer_info is deprecated in Firefox and will be removed. Please use RENDERER.
JavaScript warning: https://pagead2.googlesyndication.com/bg/enP75FOAOR6Dv0_xbsOpJb6_RhPRjbOZFZcWOHt7fp4.js line 2 > eval line 7692 > eval line 1 > eval line 1 > eval, line 1: WEBGL_debug_renderer_info is deprecated in Firefox and will be removed. Please use RENDERER.
JavaScript warning: https://pagead2.googlesyndication.com/bg/enP75FOAOR6Dv0_xbsOpJb6_RhPRjbOZFZcWOHt7fp4.js line 2 > eval line 3805 > eval line 1 > eval line 1 > eval, line 1: WEBGL_debug_renderer_info is deprecated in Firefox and will be removed. Please use RENDERER.
JavaScript error: , line 0: uncaught exception: 7
JavaScript warning: https://pagead2.googlesyndication.com/bg/enP75FOAOR6Dv0_xbsOpJb6_RhPRjbOZFZcWOHt7fp4.js line 2 > eval line 4429 > eval line 1 > eval line 1 > eval, line 1: WEBGL_debug_renderer_info is deprecated in Firefox and will be removed. Please use RENDERER.
JavaScript error: , line 0: TypeError: NetworkError when attempting to fetch resource.
JavaScript error: , line 0: TypeError: NetworkError when attempting to fetch resource.
JavaScript error: , line 0: TypeError: NetworkError when attempting to fetch resource.
1675483810148	Marionette	INFO	Stopped listening on port 65182
console.warn: TopSitesFeed: Failed to fetch data from Contile server: NetworkError when attempting to fetch resource.
1675483811747	Marionette	INFO	Stopped listening on port 65457
console.warn: TopSitesFeed: Failed to fetch data from Contile server: NetworkError when attempting to fetch resource.
1675483814576	Marionette	INFO	Stopped listening on port 49349
console.warn: TopSitesFeed: Failed to fetch data from Contile server: NetworkError when attempting to fetch resource.
1675483816169	Marionette	INFO	Stopped listening on port 50130
console.warn: TopSitesFeed: Failed to fetch data from Contile server: NetworkError when attempting to fetch resource.
1675483817727	Marionette	INFO	Stopped listening on port 52857
console.warn: TopSitesFeed: Failed to fetch data from Contile server: NetworkError when attempting to fetch resource.
1675483819140	Marionette	INFO	Stopped listening on port 63882
console.warn: TopSitesFeed: Failed to fetch data from Contile server: NetworkError when attempting to fetch resource.
1675483820534	Marionette	INFO	Stopped listening on port 53485
console.warn: TopSitesFeed: Failed to fetch data from Contile server: NetworkError when attempting to fetch resource.
1675483822486	Marionette	INFO	Stopped listening on port 64730
console.warn: TopSitesFeed: Failed to fetch data from Contile server: NetworkError when attempting to fetch resource.
1675483851515	geckodriver	INFO	Listening on 127.0.0.1:53910
1675483851891	mozrunner::runner	INFO	Running command: "/Applications/Firefox.app/Contents/MacOS/firefox-bin" "--marionette" "--remote-debugging-port" "53911" "--r ... s" "localhost" "-foreground" "-no-remote" "-profile" "/var/folders/_t/pm6vmrc154s7_xc8r6m1vdtc0000gn/T/rust_mozprofile3fNko9"
1675483852512	Marionette	INFO	Marionette enabled
1675483852560	Marionette	INFO	Listening on port 53924
WebDriver BiDi listening on ws://localhost:53911
Read port: 53924
1675483852894	RemoteAgent	WARN	TLS certificate errors will be ignored for this session
console.warn: SearchSettings: "get: No settings file exists, new profile?" (new NotFoundError("Could not open the file at /var/folders/_t/pm6vmrc154s7_xc8r6m1vdtc0000gn/T/rust_mozprofile3fNko9/search.json.mozlz4", (void 0)))
DevTools listening on ws://localhost:53911/devtools/browser/3f4975b1-f906-450e-870e-358ce250276b
JavaScript warning: https://pagead2.googlesyndication.com/bg/enP75FOAOR6Dv0_xbsOpJb6_RhPRjbOZFZcWOHt7fp4.js line 2 > eval line 6053 > eval line 1 > eval line 1 > eval, line 1: WEBGL_debug_renderer_info is deprecated in Firefox and will be removed. Please use RENDERER.
JavaScript warning: https://pagead2.googlesyndication.com/bg/enP75FOAOR6Dv0_xbsOpJb6_RhPRjbOZFZcWOHt7fp4.js line 2 > eval line 7005 > eval line 1 > eval line 1 > eval, line 1: WEBGL_debug_renderer_info is deprecated in Firefox and will be removed. Please use RENDERER.
JavaScript warning: https://pagead2.googlesyndication.com/bg/enP75FOAOR6Dv0_xbsOpJb6_RhPRjbOZFZcWOHt7fp4.js line 2 > eval line 1896 > eval line 1 > eval line 1 > eval, line 1: WEBGL_debug_renderer_info is deprecated in Firefox and will be removed. Please use RENDERER.
JavaScript warning: https://client.px-cloud.net/PX2sZ8xyop/main.min.js, line 2: WEBGL_debug_renderer_info is deprecated in Firefox and will be removed. Please use RENDERER.
JavaScript warning: https://pagead2.googlesyndication.com/bg/enP75FOAOR6Dv0_xbsOpJb6_RhPRjbOZFZcWOHt7fp4.js line 2 > eval line 5894 > eval line 1 > eval line 1 > eval, line 1: WEBGL_debug_renderer_info is deprecated in Firefox and will be removed. Please use RENDERER.
JavaScript warning: https://pagead2.googlesyndication.com/bg/enP75FOAOR6Dv0_xbsOpJb6_RhPRjbOZFZcWOHt7fp4.js line 2 > eval line 5636 > eval line 1 > eval line 1 > eval, line 1: WEBGL_debug_renderer_info is deprecated in Firefox and will be removed. Please use RENDERER.
JavaScript error: , line 0: TypeError: NetworkError when attempting to fetch resource.
JavaScript warning: https://pagead2.googlesyndication.com/bg/enP75FOAOR6Dv0_xbsOpJb6_RhPRjbOZFZcWOHt7fp4.js line 2 > eval line 1814 > eval line 1 > eval line 1 > eval, line 1: WEBGL_debug_renderer_info is deprecated in Firefox and will be removed. Please use RENDERER.
1675483936164	geckodriver	INFO	Listening on 127.0.0.1:54644
1675483936675	mozrunner::runner	INFO	Running command: "/Applications/Firefox.app/Contents/MacOS/firefox-bin" "--marionette" "--remote-debugging-port" "54645" "--r ... s" "localhost" "-foreground" "-no-remote" "-profile" "/var/folders/_t/pm6vmrc154s7_xc8r6m1vdtc0000gn/T/rust_mozprofile2iAgw6"
1675483937339	Marionette	INFO	Marionette enabled
1675483937393	Marionette	INFO	Listening on port 54654
Read port: 54654
WebDriver BiDi listening on ws://localhost:54645
1675483937770	RemoteAgent	WARN	TLS certificate errors will be ignored for this session
console.warn: SearchSettings: "get: No settings file exists, new profile?" (new NotFoundError("Could not open the file at /var/folders/_t/pm6vmrc154s7_xc8r6m1vdtc0000gn/T/rust_mozprofile2iAgw6/search.json.mozlz4", (void 0)))
DevTools listening on ws://localhost:54645/devtools/browser/89041a89-8608-406c-b94f-4a2c65766747
JavaScript error: , line 0: TypeError: NetworkError when attempting to fetch resource.
JavaScript error: , line 0: TypeError: NetworkError when attempting to fetch resource.
JavaScript error: , line 0: TypeError: NetworkError when attempting to fetch resource.
JavaScript error: , line 0: TypeError: NetworkError when attempting to fetch resource.
JavaScript error: , line 0: uncaught exception: 7
JavaScript warning: https://pagead2.googlesyndication.com/bg/enP75FOAOR6Dv0_xbsOpJb6_RhPRjbOZFZcWOHt7fp4.js line 2 > eval line 1633 > eval line 1 > eval line 1 > eval, line 1: WEBGL_debug_renderer_info is deprecated in Firefox and will be removed. Please use RENDERER.
JavaScript warning: https://pagead2.googlesyndication.com/bg/enP75FOAOR6Dv0_xbsOpJb6_RhPRjbOZFZcWOHt7fp4.js line 2 > eval line 2603 > eval line 1 > eval line 1 > eval, line 1: WEBGL_debug_renderer_info is deprecated in Firefox and will be removed. Please use RENDERER.
JavaScript warning: https://pagead2.googlesyndication.com/bg/enP75FOAOR6Dv0_xbsOpJb6_RhPRjbOZFZcWOHt7fp4.js line 2 > eval line 6719 > eval line 1 > eval line 1 > eval, line 1: WEBGL_debug_renderer_info is deprecated in Firefox and will be removed. Please use RENDERER.
JavaScript warning: https://client.px-cloud.net/PX2sZ8xyop/main.min.js, line 2: WEBGL_debug_renderer_info is deprecated in Firefox and will be removed. Please use RENDERER.
JavaScript warning: https://pagead2.googlesyndication.com/bg/enP75FOAOR6Dv0_xbsOpJb6_RhPRjbOZFZcWOHt7fp4.js line 2 > eval line 3682 > eval line 1 > eval line 1 > eval, line 1: WEBGL_debug_renderer_info is deprecated in Firefox and will be removed. Please use RENDERER.
JavaScript warning: https://pagead2.googlesyndication.com/bg/enP75FOAOR6Dv0_xbsOpJb6_RhPRjbOZFZcWOHt7fp4.js line 2 > eval line 552 > eval line 1 > eval line 1 > eval, line 1: WEBGL_debug_renderer_info is deprecated in Firefox and will be removed. Please use RENDERER.
JavaScript error: , line 0: TypeError: NetworkError when attempting to fetch resource.
JavaScript warning: https://pagead2.googlesyndication.com/bg/enP75FOAOR6Dv0_xbsOpJb6_RhPRjbOZFZcWOHt7fp4.js line 2 > eval line 1127 > eval line 1 > eval line 1 > eval, line 1: WEBGL_debug_renderer_info is deprecated in Firefox and will be removed. Please use RENDERER.
JavaScript warning: https://pagead2.googlesyndication.com/bg/enP75FOAOR6Dv0_xbsOpJb6_RhPRjbOZFZcWOHt7fp4.js line 2 > eval line 7387 > eval line 1 > eval line 1 > eval, line 1: WEBGL_debug_renderer_info is deprecated in Firefox and will be removed. Please use RENDERER.
JavaScript error: , line 0: TypeError: NetworkError when attempting to fetch resource.
JavaScript error: , line 0: TypeError: NetworkError when attempting to fetch resource.
JavaScript warning: https://pagead2.googlesyndication.com/bg/enP75FOAOR6Dv0_xbsOpJb6_RhPRjbOZFZcWOHt7fp4.js line 2 > eval line 7540 > eval line 1 > eval line 1 > eval, line 1: WEBGL_debug_renderer_info is deprecated in Firefox and will be removed. Please use RENDERER.
JavaScript warning: https://pagead2.googlesyndication.com/bg/enP75FOAOR6Dv0_xbsOpJb6_RhPRjbOZFZcWOHt7fp4.js line 2 > eval line 5998 > eval line 1 > eval line 1 > eval, line 1: WEBGL_debug_renderer_info is deprecated in Firefox and will be removed. Please use RENDERER.
JavaScript warning: https://pagead2.googlesyndication.com/bg/enP75FOAOR6Dv0_xbsOpJb6_RhPRjbOZFZcWOHt7fp4.js line 2 > eval line 5243 > eval line 1 > eval line 1 > eval, line 1: WEBGL_debug_renderer_info is deprecated in Firefox and will be removed. Please use RENDERER.
JavaScript error: , line 0: TypeError: NetworkError when attempting to fetch resource.
JavaScript error: , line 0: TypeError: NetworkError when attempting to fetch resource.
JavaScript warning: https://pagead2.googlesyndication.com/bg/enP75FOAOR6Dv0_xbsOpJb6_RhPRjbOZFZcWOHt7fp4.js line 2 > eval line 6990 > eval line 1 > eval line 1 > eval, line 1: WEBGL_debug_renderer_info is deprecated in Firefox and will be removed. Please use RENDERER.
JavaScript warning: https://pagead2.googlesyndication.com/bg/enP75FOAOR6Dv0_xbsOpJb6_RhPRjbOZFZcWOHt7fp4.js line 2 > eval line 1346 > eval line 1 > eval line 1 > eval, line 1: WEBGL_debug_renderer_info is deprecated in Firefox and will be removed. Please use RENDERER.
JavaScript error: , line 0: TypeError: NetworkError when attempting to fetch resource.
JavaScript error: , line 0: TypeError: NetworkError when attempting to fetch resource.
JavaScript error: , line 0: TypeError: NetworkError when attempting to fetch resource.
JavaScript error: , line 0: TypeError: NetworkError when attempting to fetch resource.
JavaScript warning: https://pagead2.googlesyndication.com/bg/enP75FOAOR6Dv0_xbsOpJb6_RhPRjbOZFZcWOHt7fp4.js line 2 > eval line 1142 > eval line 1 > eval line 1 > eval, line 1: WEBGL_debug_renderer_info is deprecated in Firefox and will be removed. Please use RENDERER.
JavaScript warning: https://pagead2.googlesyndication.com/bg/enP75FOAOR6Dv0_xbsOpJb6_RhPRjbOZFZcWOHt7fp4.js line 2 > eval line 3646 > eval line 1 > eval line 1 > eval, line 1: WEBGL_debug_renderer_info is deprecated in Firefox and will be removed. Please use RENDERER.
JavaScript warning: https://pagead2.googlesyndication.com/bg/enP75FOAOR6Dv0_xbsOpJb6_RhPRjbOZFZcWOHt7fp4.js line 2 > eval line 7653 > eval line 1 > eval line 1 > eval, line 1: WEBGL_debug_renderer_info is deprecated in Firefox and will be removed. Please use RENDERER.
JavaScript error: , line 0: TypeError: NetworkError when attempting to fetch resource.
JavaScript error: , line 0: TypeError: NetworkError when attempting to fetch resource.
JavaScript error: , line 0: TypeError: NetworkError when attempting to fetch resource.
JavaScript warning: https://pagead2.googlesyndication.com/bg/enP75FOAOR6Dv0_xbsOpJb6_RhPRjbOZFZcWOHt7fp4.js line 2 > eval line 362 > eval line 1 > eval line 1 > eval, line 1: WEBGL_debug_renderer_info is deprecated in Firefox and will be removed. Please use RENDERER.
JavaScript error: , line 0: TypeError: NetworkError when attempting to fetch resource.
JavaScript warning: https://pagead2.googlesyndication.com/bg/enP75FOAOR6Dv0_xbsOpJb6_RhPRjbOZFZcWOHt7fp4.js line 2 > eval line 80 > eval line 1 > eval line 1 > eval, line 1: WEBGL_debug_renderer_info is deprecated in Firefox and will be removed. Please use RENDERER.
JavaScript error: , line 0: TypeError: NetworkError when attempting to fetch resource.
JavaScript warning: https://pagead2.googlesyndication.com/bg/enP75FOAOR6Dv0_xbsOpJb6_RhPRjbOZFZcWOHt7fp4.js line 2 > eval line 271 > eval line 1 > eval line 1 > eval, line 1: WEBGL_debug_renderer_info is deprecated in Firefox and will be removed. Please use RENDERER.
JavaScript error: , line 0: TypeError: NetworkError when attempting to fetch resource.
JavaScript warning: https://pagead2.googlesyndication.com/bg/enP75FOAOR6Dv0_xbsOpJb6_RhPRjbOZFZcWOHt7fp4.js line 2 > eval line 4830 > eval line 1 > eval line 1 > eval, line 1: WEBGL_debug_renderer_info is deprecated in Firefox and will be removed. Please use RENDERER.
JavaScript error: , line 0: TypeError: NetworkError when attempting to fetch resource.
JavaScript warning: https://pagead2.googlesyndication.com/bg/enP75FOAOR6Dv0_xbsOpJb6_RhPRjbOZFZcWOHt7fp4.js line 2 > eval line 652 > eval line 1 > eval line 1 > eval, line 1: WEBGL_debug_renderer_info is deprecated in Firefox and will be removed. Please use RENDERER.
JavaScript error: , line 0: TypeError: NetworkError when attempting to fetch resource.
JavaScript warning: https://pagead2.googlesyndication.com/bg/enP75FOAOR6Dv0_xbsOpJb6_RhPRjbOZFZcWOHt7fp4.js line 2 > eval line 5822 > eval line 1 > eval line 1 > eval, line 1: WEBGL_debug_renderer_info is deprecated in Firefox and will be removed. Please use RENDERER.
JavaScript error: , line 0: TypeError: NetworkError when attempting to fetch resource.
JavaScript warning: https://pagead2.googlesyndication.com/bg/enP75FOAOR6Dv0_xbsOpJb6_RhPRjbOZFZcWOHt7fp4.js line 2 > eval line 3936 > eval line 1 > eval line 1 > eval, line 1: WEBGL_debug_renderer_info is deprecated in Firefox and will be removed. Please use RENDERER.
Exiting due to channel error.
Exiting due to channel error.
Exiting due to channel error.
Exiting due to channel error.
Exiting due to channel error.
Exiting due to channel error.
Exiting due to channel error.
Exiting due to channel error.
Exiting due to channel error.
Exiting due to channel error.
Exiting due to channel error.
Exiting due to channel error.
Exiting due to channel error.
Exiting due to channel error.
[GFX1-]: Receive IPC close with reason=AbnormalShutdown
Exiting due to channel error.
Exiting due to channel error.
[GFX1-]: Receive IPC close with reason=AbnormalShutdown
Exiting due to channel error.
Exiting due to channel error.
Exiting due to channel error.
[GFX1-]: Receive IPC close with reason=AbnormalShutdown
Exiting due to channel error.
Exiting due to channel error.
Exiting due to channel error.
Exiting due to channel error.
Exiting due to channel error.
Exiting due to channel error.
1675484314462	geckodriver	INFO	Listening on 127.0.0.1:56672
1675484314846	mozrunner::runner	INFO	Running command: "/Applications/Firefox.app/Contents/MacOS/firefox-bin" "--marionette" "--remote-debugging-port" "56673" "--r ... s" "localhost" "-foreground" "-no-remote" "-profile" "/var/folders/_t/pm6vmrc154s7_xc8r6m1vdtc0000gn/T/rust_mozprofile7bnklM"
1675484315432	Marionette	INFO	Marionette enabled
1675484315491	Marionette	INFO	Listening on port 56686
WebDriver BiDi listening on ws://localhost:56673
Read port: 56686
1675484315830	RemoteAgent	WARN	TLS certificate errors will be ignored for this session
console.warn: SearchSettings: "get: No settings file exists, new profile?" (new NotFoundError("Could not open the file at /var/folders/_t/pm6vmrc154s7_xc8r6m1vdtc0000gn/T/rust_mozprofile7bnklM/search.json.mozlz4", (void 0)))
DevTools listening on ws://localhost:56673/devtools/browser/95aaf428-abe3-42db-bffd-d9533de90a7f
JavaScript error: https://www.googletagmanager.com/gtm.js?id=GTM-NKMQVGQ&l=headerDataLayer, line 41: uncaught exception: [object Object]
JavaScript error: https://www.googletagmanager.com/gtm.js?id=GTM-NKMQVGQ&l=headerDataLayer, line 41: uncaught exception: [object Object]
JavaScript error: , line 0: TypeError: NetworkError when attempting to fetch resource.
JavaScript error: , line 0: TypeError: NetworkError when attempting to fetch resource.
JavaScript warning: https://client.px-cloud.net/PX2sZ8xyop/main.min.js, line 2: WEBGL_debug_renderer_info is deprecated in Firefox and will be removed. Please use RENDERER.
1675484341425	Marionette	INFO	Stopped listening on port 53924
console.warn: TopSitesFeed: Failed to fetch data from Contile server: NetworkError when attempting to fetch resource.
1675484343240	Marionette	INFO	Stopped listening on port 56686
console.warn: TopSitesFeed: Failed to fetch data from Contile server: NetworkError when attempting to fetch resource.
1675484356804	geckodriver	INFO	Listening on 127.0.0.1:56997
1675484357318	mozrunner::runner	INFO	Running command: "/Applications/Firefox.app/Contents/MacOS/firefox-bin" "--marionette" "--remote-debugging-port" "56998" "--r ... s" "localhost" "-foreground" "-no-remote" "-profile" "/var/folders/_t/pm6vmrc154s7_xc8r6m1vdtc0000gn/T/rust_mozprofileEU48Zw"
1675484357896	Marionette	INFO	Marionette enabled
1675484357941	Marionette	INFO	Listening on port 57007
WebDriver BiDi listening on ws://localhost:56998
Read port: 57007
1675484358345	RemoteAgent	WARN	TLS certificate errors will be ignored for this session
console.warn: SearchSettings: "get: No settings file exists, new profile?" (new NotFoundError("Could not open the file at /var/folders/_t/pm6vmrc154s7_xc8r6m1vdtc0000gn/T/rust_mozprofileEU48Zw/search.json.mozlz4", (void 0)))
DevTools listening on ws://localhost:56998/devtools/browser/2a319809-1c51-46d7-865f-43dbaec4bf00
JavaScript warning: https://pagead2.googlesyndication.com/bg/enP75FOAOR6Dv0_xbsOpJb6_RhPRjbOZFZcWOHt7fp4.js line 2 > eval line 6145 > eval line 1 > eval line 1 > eval, line 1: WEBGL_debug_renderer_info is deprecated in Firefox and will be removed. Please use RENDERER.
JavaScript warning: https://pagead2.googlesyndication.com/bg/enP75FOAOR6Dv0_xbsOpJb6_RhPRjbOZFZcWOHt7fp4.js line 2 > eval line 2111 > eval line 1 > eval line 1 > eval, line 1: WEBGL_debug_renderer_info is deprecated in Firefox and will be removed. Please use RENDERER.
JavaScript warning: https://pagead2.googlesyndication.com/bg/enP75FOAOR6Dv0_xbsOpJb6_RhPRjbOZFZcWOHt7fp4.js line 2 > eval line 4341 > eval line 1 > eval line 1 > eval, line 1: WEBGL_debug_renderer_info is deprecated in Firefox and will be removed. Please use RENDERER.
Exiting due to channel error.
Exiting due to channel error.
Exiting due to channel error.
Exiting due to channel error.
Exiting due to channel error.
Exiting due to channel error.
Exiting due to channel error.
Exiting due to channel error.
Exiting due to channel error.
Exiting due to channel error.
Exiting due to channel error.
1675484429191	geckodriver	INFO	Listening on 127.0.0.1:57434
1675484429701	mozrunner::runner	INFO	Running command: "/Applications/Firefox.app/Contents/MacOS/firefox-bin" "--marionette" "--remote-debugging-port" "57435" "--r ... s" "localhost" "-foreground" "-no-remote" "-profile" "/var/folders/_t/pm6vmrc154s7_xc8r6m1vdtc0000gn/T/rust_mozprofile8YsdNw"
1675484430277	Marionette	INFO	Marionette enabled
1675484430327	Marionette	INFO	Listening on port 57448
WebDriver BiDi listening on ws://localhost:57435
Read port: 57448
1675484430676	RemoteAgent	WARN	TLS certificate errors will be ignored for this session
console.warn: SearchSettings: "get: No settings file exists, new profile?" (new NotFoundError("Could not open the file at /var/folders/_t/pm6vmrc154s7_xc8r6m1vdtc0000gn/T/rust_mozprofile8YsdNw/search.json.mozlz4", (void 0)))
DevTools listening on ws://localhost:57435/devtools/browser/18794d15-a4c5-4518-8906-f2577e45091f
JavaScript warning: https://pagead2.googlesyndication.com/bg/enP75FOAOR6Dv0_xbsOpJb6_RhPRjbOZFZcWOHt7fp4.js line 2 > eval line 1027 > eval line 1 > eval line 1 > eval, line 1: WEBGL_debug_renderer_info is deprecated in Firefox and will be removed. Please use RENDERER.
JavaScript warning: https://pagead2.googlesyndication.com/bg/enP75FOAOR6Dv0_xbsOpJb6_RhPRjbOZFZcWOHt7fp4.js line 2 > eval line 1673 > eval line 1 > eval line 1 > eval, line 1: WEBGL_debug_renderer_info is deprecated in Firefox and will be removed. Please use RENDERER.
JavaScript warning: https://pagead2.googlesyndication.com/bg/enP75FOAOR6Dv0_xbsOpJb6_RhPRjbOZFZcWOHt7fp4.js line 2 > eval line 1278 > eval line 1 > eval line 1 > eval, line 1: WEBGL_debug_renderer_info is deprecated in Firefox and will be removed. Please use RENDERER.
JavaScript warning: https://pagead2.googlesyndication.com/bg/enP75FOAOR6Dv0_xbsOpJb6_RhPRjbOZFZcWOHt7fp4.js line 2 > eval line 2966 > eval line 1 > eval line 1 > eval, line 1: WEBGL_debug_renderer_info is deprecated in Firefox and will be removed. Please use RENDERER.
Exiting due to channel error.
Exiting due to channel error.
Exiting due to channel error.
Exiting due to channel error.
Exiting due to channel error.
Exiting due to channel error.
Exiting due to channel error.
Exiting due to channel error.
[GFX1-]: Receive IPC close with reason=AbnormalShutdown
Exiting due to channel error.
Exiting due to channel error.
Exiting due to channel error.
1675484511201	geckodriver	INFO	Listening on 127.0.0.1:57929
1675484511586	mozrunner::runner	INFO	Running command: "/Applications/Firefox.app/Contents/MacOS/firefox-bin" "--marionette" "--remote-debugging-port" "57930" "--r ... s" "localhost" "-foreground" "-no-remote" "-profile" "/var/folders/_t/pm6vmrc154s7_xc8r6m1vdtc0000gn/T/rust_mozprofileUWwUFo"
1675484512202	Marionette	INFO	Marionette enabled
1675484512251	Marionette	INFO	Listening on port 57939
WebDriver BiDi listening on ws://localhost:57930
Read port: 57939
1675484512618	RemoteAgent	WARN	TLS certificate errors will be ignored for this session
console.warn: SearchSettings: "get: No settings file exists, new profile?" (new NotFoundError("Could not open the file at /var/folders/_t/pm6vmrc154s7_xc8r6m1vdtc0000gn/T/rust_mozprofileUWwUFo/search.json.mozlz4", (void 0)))
DevTools listening on ws://localhost:57930/devtools/browser/84b9874f-fbe2-4f04-b2ee-da918145819d
Exiting due to channel error.
Exiting due to channel error.
Exiting due to channel error.
Exiting due to channel error.
Exiting due to channel error.
1675484555238	geckodriver	INFO	Listening on 127.0.0.1:58126
1675484555749	mozrunner::runner	INFO	Running command: "/Applications/Firefox.app/Contents/MacOS/firefox-bin" "--marionette" "--remote-debugging-port" "58127" "--r ... s" "localhost" "-foreground" "-no-remote" "-profile" "/var/folders/_t/pm6vmrc154s7_xc8r6m1vdtc0000gn/T/rust_mozprofileyCYCRa"
1675484556324	Marionette	INFO	Marionette enabled
1675484556371	Marionette	INFO	Listening on port 58140
WebDriver BiDi listening on ws://localhost:58127
Read port: 58140
1675484556714	RemoteAgent	WARN	TLS certificate errors will be ignored for this session
console.warn: SearchSettings: "get: No settings file exists, new profile?" (new NotFoundError("Could not open the file at /var/folders/_t/pm6vmrc154s7_xc8r6m1vdtc0000gn/T/rust_mozprofileyCYCRa/search.json.mozlz4", (void 0)))
DevTools listening on ws://localhost:58127/devtools/browser/54288270-f7a4-488b-919f-2b09d77b937d
JavaScript error: https://tag.durationmedia.net/sites/11160/dm.js, line 1: TypeError: e.parsedBody is undefined
JavaScript error: , line 0: TypeError: NetworkError when attempting to fetch resource.
JavaScript error: , line 0: uncaught exception: undefined
JavaScript error: https://cookie-cdn.cookiepro.com/scripttemplates/202210.1.0/otBannerSdk.js, line 7: TypeError: r is undefined
JavaScript error: https://www.googletagmanager.com/gtm.js?id=GTM-NKMQVGQ&l=headerDataLayer, line 41: uncaught exception: [object Object]
JavaScript error: https://www.googletagmanager.com/gtm.js?id=GTM-NKMQVGQ&l=headerDataLayer, line 41: uncaught exception: [object Object]
JavaScript warning: https://client.px-cloud.net/PX2sZ8xyop/main.min.js, line 2: WEBGL_debug_renderer_info is deprecated in Firefox and will be removed. Please use RENDERER.
1675484755153	Marionette	INFO	Stopped listening on port 58140
console.warn: TopSitesFeed: Failed to fetch data from Contile server: NetworkError when attempting to fetch resource.
1675484789337	geckodriver	INFO	Listening on 127.0.0.1:59313
1675484789845	mozrunner::runner	INFO	Running command: "/Applications/Firefox.app/Contents/MacOS/firefox-bin" "--marionette" "--remote-debugging-port" "59314" "--r ... s" "localhost" "-foreground" "-no-remote" "-profile" "/var/folders/_t/pm6vmrc154s7_xc8r6m1vdtc0000gn/T/rust_mozprofileJwtqew"
1675484790438	Marionette	INFO	Marionette enabled
1675484790488	Marionette	INFO	Listening on port 59323
WebDriver BiDi listening on ws://localhost:59314
Read port: 59323
1675484790831	RemoteAgent	WARN	TLS certificate errors will be ignored for this session
console.warn: SearchSettings: "get: No settings file exists, new profile?" (new NotFoundError("Could not open the file at /var/folders/_t/pm6vmrc154s7_xc8r6m1vdtc0000gn/T/rust_mozprofileJwtqew/search.json.mozlz4", (void 0)))
DevTools listening on ws://localhost:59314/devtools/browser/2cb061f9-1d65-4b6e-9195-6e3b22ea1336
JavaScript error: https://cookie-cdn.cookiepro.com/scripttemplates/202210.1.0/otBannerSdk.js, line 7: TypeError: r is undefined
JavaScript error: , line 0: uncaught exception: undefined
JavaScript error: , line 0: uncaught exception: undefined
JavaScript error: https://cookie-cdn.cookiepro.com/scripttemplates/202210.1.0/otBannerSdk.js, line 7: TypeError: r is undefined
JavaScript warning: https://client.px-cloud.net/PX2sZ8xyop/main.min.js, line 2: WEBGL_debug_renderer_info is deprecated in Firefox and will be removed. Please use RENDERER.
1675484827350	geckodriver	INFO	Listening on 127.0.0.1:59600
1675484827725	mozrunner::runner	INFO	Running command: "/Applications/Firefox.app/Contents/MacOS/firefox-bin" "--marionette" "--remote-debugging-port" "59601" "--r ... s" "localhost" "-foreground" "-no-remote" "-profile" "/var/folders/_t/pm6vmrc154s7_xc8r6m1vdtc0000gn/T/rust_mozprofilexQ3ojP"
1675484828220	Marionette	INFO	Marionette enabled
1675484828256	Marionette	INFO	Listening on port 59614
WebDriver BiDi listening on ws://localhost:59601
Read port: 59614
1675484828683	RemoteAgent	WARN	TLS certificate errors will be ignored for this session
console.warn: SearchSettings: "get: No settings file exists, new profile?" (new NotFoundError("Could not open the file at /var/folders/_t/pm6vmrc154s7_xc8r6m1vdtc0000gn/T/rust_mozprofilexQ3ojP/search.json.mozlz4", (void 0)))
DevTools listening on ws://localhost:59601/devtools/browser/ba766b84-3dcc-4882-99c6-aa0aeb099ad4
JavaScript error: , line 0: uncaught exception: undefined
JavaScript error: https://cookie-cdn.cookiepro.com/scripttemplates/202210.1.0/otBannerSdk.js, line 7: TypeError: r is undefined
JavaScript error: https://www.googletagmanager.com/gtm.js?id=GTM-NKMQVGQ&l=headerDataLayer, line 41: uncaught exception: [object Object]
JavaScript error: https://www.googletagmanager.com/gtm.js?id=GTM-NKMQVGQ&l=headerDataLayer, line 41: uncaught exception: [object Object]
JavaScript error: https://www.googletagmanager.com/gtm.js?id=GTM-NKMQVGQ&l=headerDataLayer, line 41: uncaught exception: [object Object]
JavaScript error: https://www.googletagmanager.com/gtm.js?id=GTM-NKMQVGQ&l=headerDataLayer, line 41: uncaught exception: [object Object]
JavaScript error: , line 0: uncaught exception: undefined
JavaScript error: https://cookie-cdn.cookiepro.com/scripttemplates/202210.1.0/otBannerSdk.js, line 7: TypeError: r is undefined
JavaScript warning: https://client.px-cloud.net/PX2sZ8xyop/main.min.js, line 2: WEBGL_debug_renderer_info is deprecated in Firefox and will be removed. Please use RENDERER.
1675484861549	geckodriver	INFO	Listening on 127.0.0.1:59890
1675484862064	mozrunner::runner	INFO	Running command: "/Applications/Firefox.app/Contents/MacOS/firefox-bin" "--marionette" "--remote-debugging-port" "59891" "--r ... s" "localhost" "-foreground" "-no-remote" "-profile" "/var/folders/_t/pm6vmrc154s7_xc8r6m1vdtc0000gn/T/rust_mozprofileTMa8wu"
1675484862645	Marionette	INFO	Marionette enabled
1675484862703	Marionette	INFO	Listening on port 59907
WebDriver BiDi listening on ws://localhost:59891
Read port: 59907
1675484863051	RemoteAgent	WARN	TLS certificate errors will be ignored for this session
console.warn: SearchSettings: "get: No settings file exists, new profile?" (new NotFoundError("Could not open the file at /var/folders/_t/pm6vmrc154s7_xc8r6m1vdtc0000gn/T/rust_mozprofileTMa8wu/search.json.mozlz4", (void 0)))
DevTools listening on ws://localhost:59891/devtools/browser/031661d7-224b-494e-b5e7-608292985e10
JavaScript warning: https://client.px-cloud.net/PX2sZ8xyop/main.min.js, line 2: WEBGL_debug_renderer_info is deprecated in Firefox and will be removed. Please use RENDERER.
JavaScript error: resource://devtools/client/jsonview/Sniffer.jsm, line 56: NS_ERROR_NOT_AVAILABLE: Component returned failure code: 0x80040111 (NS_ERROR_NOT_AVAILABLE) [nsIChannel.contentType]
JavaScript error: https://www.googletagmanager.com/gtm.js?id=GTM-NKMQVGQ&l=headerDataLayer, line 41: uncaught exception: [object Object]
JavaScript error: https://www.googletagmanager.com/gtm.js?id=GTM-NKMQVGQ&l=headerDataLayer, line 41: uncaught exception: [object Object]
JavaScript warning: https://client.px-cloud.net/PX2sZ8xyop/main.min.js, line 2: WEBGL_debug_renderer_info is deprecated in Firefox and will be removed. Please use RENDERER.
1675484905632	geckodriver	INFO	Listening on 127.0.0.1:60192
1675484906144	mozrunner::runner	INFO	Running command: "/Applications/Firefox.app/Contents/MacOS/firefox-bin" "--marionette" "--remote-debugging-port" "60193" "--r ... s" "localhost" "-foreground" "-no-remote" "-profile" "/var/folders/_t/pm6vmrc154s7_xc8r6m1vdtc0000gn/T/rust_mozprofileDHAOlD"
1675484906675	Marionette	INFO	Marionette enabled
1675484906715	Marionette	INFO	Listening on port 60202
WebDriver BiDi listening on ws://localhost:60193
Read port: 60202
1675484907170	RemoteAgent	WARN	TLS certificate errors will be ignored for this session
console.warn: SearchSettings: "get: No settings file exists, new profile?" (new NotFoundError("Could not open the file at /var/folders/_t/pm6vmrc154s7_xc8r6m1vdtc0000gn/T/rust_mozprofileDHAOlD/search.json.mozlz4", (void 0)))
DevTools listening on ws://localhost:60193/devtools/browser/18ce6911-e43e-43c9-8a18-aedf7c59539b
JavaScript error: https://www.googletagmanager.com/gtm.js?id=GTM-NKMQVGQ&l=headerDataLayer, line 41: uncaught exception: [object Object]
JavaScript error: https://www.googletagmanager.com/gtm.js?id=GTM-NKMQVGQ&l=headerDataLayer, line 41: uncaught exception: [object Object]
JavaScript error: , line 0: uncaught exception: undefined
JavaScript error: https://cookie-cdn.cookiepro.com/scripttemplates/202210.1.0/otBannerSdk.js, line 7: TypeError: r is undefined
JavaScript error: https://cookie-cdn.cookiepro.com/scripttemplates/202210.1.0/otBannerSdk.js, line 7: TypeError: r is undefined
JavaScript error: , line 0: uncaught exception: undefined
Exiting due to channel error.
Exiting due to channel error.
Exiting due to channel error.
Exiting due to channel error.
Exiting due to channel error.
Exiting due to channel error.
1675485078823	geckodriver	INFO	Listening on 127.0.0.1:61021
1675485079197	mozrunner::runner	INFO	Running command: "/Applications/Firefox.app/Contents/MacOS/firefox-bin" "--marionette" "--remote-debugging-port" "61022" "--r ... s" "localhost" "-foreground" "-no-remote" "-profile" "/var/folders/_t/pm6vmrc154s7_xc8r6m1vdtc0000gn/T/rust_mozprofileimY5b9"
1675485079655	Marionette	INFO	Marionette enabled
1675485079685	Marionette	INFO	Listening on port 61035
WebDriver BiDi listening on ws://localhost:61022
Read port: 61035
1675485080177	RemoteAgent	WARN	TLS certificate errors will be ignored for this session
console.warn: SearchSettings: "get: No settings file exists, new profile?" (new NotFoundError("Could not open the file at /var/folders/_t/pm6vmrc154s7_xc8r6m1vdtc0000gn/T/rust_mozprofileimY5b9/search.json.mozlz4", (void 0)))
DevTools listening on ws://localhost:61022/devtools/browser/2f9d3727-18b0-4648-b30a-9cd9fc2d0b28
1675485082613	Marionette	INFO	Stopped listening on port 59323
console.warn: TopSitesFeed: Failed to fetch data from Contile server: NetworkError when attempting to fetch resource.
1675485084263	Marionette	INFO	Stopped listening on port 59614
console.warn: TopSitesFeed: Failed to fetch data from Contile server: NetworkError when attempting to fetch resource.
1675485086198	Marionette	INFO	Stopped listening on port 59907
console.warn: TopSitesFeed: Failed to fetch data from Contile server: NetworkError when attempting to fetch resource.
JavaScript error: https://tag.durationmedia.net/sites/11160/dm.js, line 1: TypeError: e.parsedBody is undefined
JavaScript error: , line 0: TypeError: NetworkError when attempting to fetch resource.
JavaScript error: https://cookie-cdn.cookiepro.com/scripttemplates/202210.1.0/otBannerSdk.js, line 7: TypeError: r is undefined
JavaScript error: , line 0: uncaught exception: undefined
JavaScript warning: https://client.px-cloud.net/PX2sZ8xyop/main.min.js, line 2: WEBGL_debug_renderer_info is deprecated in Firefox and will be removed. Please use RENDERER.
1675485174001	Marionette	INFO	Stopped listening on port 61035
console.warn: TopSitesFeed: Failed to fetch data from Contile server: NetworkError when attempting to fetch resource.
1675485177314	geckodriver	INFO	Listening on 127.0.0.1:61543
1675485177823	mozrunner::runner	INFO	Running command: "/Applications/Firefox.app/Contents/MacOS/firefox-bin" "--marionette" "--remote-debugging-port" "61544" "--r ... s" "localhost" "-foreground" "-no-remote" "-profile" "/var/folders/_t/pm6vmrc154s7_xc8r6m1vdtc0000gn/T/rust_mozprofileef2H0v"
1675485178397	Marionette	INFO	Marionette enabled
1675485178443	Marionette	INFO	Listening on port 61553
WebDriver BiDi listening on ws://localhost:61544
Read port: 61553
1675485178812	RemoteAgent	WARN	TLS certificate errors will be ignored for this session
console.warn: SearchSettings: "get: No settings file exists, new profile?" (new NotFoundError("Could not open the file at /var/folders/_t/pm6vmrc154s7_xc8r6m1vdtc0000gn/T/rust_mozprofileef2H0v/search.json.mozlz4", (void 0)))
DevTools listening on ws://localhost:61544/devtools/browser/37e26db7-a0ed-4c6d-befe-704461bb7708
JavaScript warning: https://pagead2.googlesyndication.com/bg/enP75FOAOR6Dv0_xbsOpJb6_RhPRjbOZFZcWOHt7fp4.js line 2 > eval line 2383 > eval line 1 > eval line 1 > eval, line 1: WEBGL_debug_renderer_info is deprecated in Firefox and will be removed. Please use RENDERER.
JavaScript warning: https://pagead2.googlesyndication.com/bg/enP75FOAOR6Dv0_xbsOpJb6_RhPRjbOZFZcWOHt7fp4.js line 2 > eval line 4406 > eval line 1 > eval line 1 > eval, line 1: WEBGL_debug_renderer_info is deprecated in Firefox and will be removed. Please use RENDERER.
JavaScript warning: https://pagead2.googlesyndication.com/bg/enP75FOAOR6Dv0_xbsOpJb6_RhPRjbOZFZcWOHt7fp4.js line 2 > eval line 2296 > eval line 1 > eval line 1 > eval, line 1: WEBGL_debug_renderer_info is deprecated in Firefox and will be removed. Please use RENDERER.
JavaScript warning: https://pagead2.googlesyndication.com/bg/enP75FOAOR6Dv0_xbsOpJb6_RhPRjbOZFZcWOHt7fp4.js line 2 > eval line 2807 > eval line 1 > eval line 1 > eval, line 1: WEBGL_debug_renderer_info is deprecated in Firefox and will be removed. Please use RENDERER.
JavaScript error: , line 0: TypeError: NetworkError when attempting to fetch resource.
JavaScript error: , line 0: TypeError: NetworkError when attempting to fetch resource.
JavaScript error: , line 0: TypeError: NetworkError when attempting to fetch resource.
JavaScript warning: https://client.px-cloud.net/PX2sZ8xyop/main.min.js, line 2: WEBGL_debug_renderer_info is deprecated in Firefox and will be removed. Please use RENDERER.
JavaScript warning: https://client.px-cloud.net/PX2sZ8xyop/main.min.js, line 2: WEBGL_debug_renderer_info is deprecated in Firefox and will be removed. Please use RENDERER.
JavaScript warning: https://client.px-cloud.net/PX2sZ8xyop/main.min.js, line 2: WEBGL_debug_renderer_info is deprecated in Firefox and will be removed. Please use RENDERER.
JavaScript warning: https://client.px-cloud.net/PX2sZ8xyop/main.min.js, line 2: WEBGL_debug_renderer_info is deprecated in Firefox and will be removed. Please use RENDERER.
